TN:
SF:src/application/usecases/create-challenge-submission.ts
FN:16,execute
FN:12,CreateChallengeSubmission
FNF:2
FNH:2
FNDA:1,execute
FNDA:1,CreateChallengeSubmission
DA:1,1
DA:2,1
DA:3,1
DA:4,1
DA:5,1
DA:6,1
DA:7,1
DA:8,1
DA:9,1
DA:10,1
DA:11,1
DA:12,1
DA:13,1
DA:14,1
DA:15,1
DA:16,1
DA:17,1
DA:18,1
DA:19,1
DA:20,1
DA:21,1
DA:22,1
DA:23,1
DA:24,1
DA:25,1
DA:26,1
DA:27,1
DA:28,1
DA:29,1
DA:30,1
DA:31,1
DA:32,1
DA:33,1
DA:34,1
DA:35,1
DA:36,1
DA:37,1
LF:37
LH:37
BRDA:16,0,0,1
BRDA:12,1,0,1
BRF:2
BRH:2
end_of_record
TN:
SF:src/core/domain/Entity.ts
FN:7,get id
FN:11,Entity
FNF:2
FNH:0
FNDA:0,get id
FNDA:0,Entity
DA:1,1
DA:2,1
DA:3,1
DA:4,1
DA:5,1
DA:6,1
DA:7,1
DA:8,0
DA:9,0
DA:10,1
DA:11,1
DA:12,0
DA:13,0
DA:14,0
DA:15,1
LF:15
LH:10
BRF:0
BRH:0
end_of_record
TN:
SF:src/domain/entities/submission.ts
FN:14,create
FN:10,Submission
FNF:2
FNH:0
FNDA:0,create
FNDA:0,Submission
DA:1,1
DA:2,1
DA:3,1
DA:4,1
DA:5,1
DA:6,1
DA:7,1
DA:8,1
DA:9,1
DA:10,1
DA:11,0
DA:12,0
DA:13,1
DA:14,1
DA:15,0
DA:16,0
DA:17,0
DA:18,0
DA:19,0
DA:20,0
DA:21,0
DA:22,1
LF:22
LH:13
BRF:0
BRH:0
end_of_record
TN:
SF:tests/repositories/in-memory-challenges-repository.ts
FN:7,findById
FNF:1
FNH:0
FNDA:0,findById
DA:1,1
DA:2,1
DA:3,1
DA:4,1
DA:5,1
DA:6,1
DA:7,1
DA:8,0
DA:9,0
DA:10,0
DA:11,0
DA:12,0
DA:13,0
DA:14,0
DA:15,0
DA:16,1
LF:16
LH:8
BRF:0
BRH:0
end_of_record
TN:
SF:tests/repositories/in-memory-students-repository.ts
FN:7,findById
FNF:1
FNH:1
FNDA:1,findById
DA:1,1
DA:2,1
DA:3,1
DA:4,1
DA:5,1
DA:6,1
DA:7,1
DA:8,1
DA:9,1
DA:10,1
DA:11,1
DA:12,1
DA:13,0
DA:14,0
DA:15,0
DA:16,1
LF:16
LH:13
BRDA:7,0,0,1
BRDA:13,1,0,0
BRF:2
BRH:1
end_of_record
